#
# There is insufficient memory for the Java Runtime Environment to continue.
# Native memory allocation (malloc) failed to allocate 1938176 bytes for Chunk::new
# Possible reasons:
#   The system is out of physical RAM or swap space
#   In 32 bit mode, the process size limit was hit
# Possible solutions:
#   Reduce memory load on the system
#   Increase physical memory or swap space
#   Check if swap backing store is full
#   Use 64 bit Java on a 64 bit OS
#   Decrease Java heap size (-Xmx/-Xms)
#   Decrease number of Java threads
#   Decrease Java thread stack sizes (-Xss)
#   Set larger code cache with -XX:ReservedCodeCacheSize=
# This output file may be truncated or incomplete.
#
#  Out of Memory Error (allocation.cpp:390), pid=3564, tid=14460
#
# JRE version: Java(TM) SE Runtime Environment (8.0_73-b02) (build 1.8.0_73-b02)
# Java VM: Java HotSpot(TM) 64-Bit Server VM (25.73-b02 mixed mode windows-amd64 compressed oops)
# Failed to write core dump. Minidumps are not enabled by default on client versions of Windows
#

---------------  T H R E A D  ---------------

Current thread (0x000000001d9bb800):  JavaThread "C2 CompilerThread1" daemon [_thread_in_native, id=14460, stack(0x000000001df90000,0x000000001e090000)]

Stack: [0x000000001df90000,0x000000001e090000]
[error occurred during error reporting (printing stack bounds), id 0xc0000005]

Native frames: (J=compiled Java code, j=interpreted, Vv=VM code, C=native code)


Current CompileTask:
C2:  17038 8635   !   4       lombok.javac.JavacAST::drill (146 bytes)


---------------  P R O C E S S  ---------------

Java Threads: ( => current thread )
  0x000000001da2a800 JavaThread "Service Thread" daemon [_thread_blocked, id=16252, stack(0x000000001e190000,0x000000001e290000)]
  0x000000001da21800 JavaThread "C1 CompilerThread2" daemon [_thread_blocked, id=652, stack(0x000000001e090000,0x000000001e190000)]
=>0x000000001d9bb800 JavaThread "C2 CompilerThread1" daemon [_thread_in_native, id=14460, stack(0x000000001df90000,0x000000001e090000)]
  0x000000001d9b9800 JavaThread "C2 CompilerThread0" daemon [_thread_in_native, id=4080, stack(0x000000001de90000,0x000000001df90000)]
  0x000000001d9b4800 JavaThread "Monitor Ctrl-Break" daemon [_thread_in_native, id=17084, stack(0x000000001dd90000,0x000000001de90000)]
  0x000000001c3c0000 JavaThread "Attach Listener" daemon [_thread_blocked, id=14940, stack(0x000000001d890000,0x000000001d990000)]
  0x000000001c3bf000 JavaThread "Signal Dispatcher" daemon [_thread_blocked, id=14736, stack(0x000000001d790000,0x000000001d890000)]
  0x0000000002df8000 JavaThread "Finalizer" daemon [_thread_blocked, id=4732, stack(0x000000001d630000,0x000000001d730000)]
  0x0000000002def000 JavaThread "Reference Handler" daemon [_thread_blocked, id=8352, stack(0x000000001d530000,0x000000001d630000)]
  0x0000000000f6e000 JavaThread "main" [_thread_in_native, id=15892, stack(0x0000000000f90000,0x0000000001090000)]

Other Threads:
  0x000000001c377800 VMThread [stack: 0x000000001d430000,0x000000001d530000] [id=17728]
  0x000000001da93800 WatcherThread [stack: 0x000000001e290000,0x000000001e390000] [id=13256]

VM state:not at safepoint (normal execution)

VM Mutex/Monitor currently owned by a thread: None

Heap:
 PSYoungGen      total 442880K, used 304308K [0x000000076b900000, 0x0000000788d00000, 0x00000007c0000000)
  eden space 412672K, 66% used [0x000000076b900000,0x000000077c4b0e70,0x0000000784c00000)
  from space 30208K, 99% used [0x0000000785200000,0x0000000786f7c2d8,0x0000000786f80000)
  to   space 26624K, 0% used [0x0000000787300000,0x0000000787300000,0x0000000788d00000)
 ParOldGen       total 126976K, used 67875K [0x00000006c2a00000, 0x00000006ca600000, 0x000000076b900000)
  object space 126976K, 53% used [0x00000006c2a00000,0x00000006c6c48f78,0x00000006ca600000)
 Metaspace       used 31876K, capacity 32902K, committed 32944K, reserved 1079296K
  class space    used 3530K, capacity 3758K, committed 3760K, reserved 1048576K

Card table byte_map: [0x0000000012230000,0x0000000012a20000] byte_map_base: 0x000000000ec1b000

Marking Bits: (ParMarkBitMap*) 0x0000000055b70600
 Begin Bits: [0x0000000013370000, 0x00000000172c8000)
 End Bits:   [0x00000000172c8000, 0x000000001b220000)

Polling page: 0x0000000000f50000

CodeCache: size=245760Kb used=26844Kb max_used=28623Kb free=218915Kb
 bounds [0x0000000002e70000, 0x0000000004aa0000, 0x0000000011e70000]
 total_blobs=7443 nmethods=7004 adapters=350
 compilation: enabled

Compilation events (10 events):
Event: 16.812 Thread 0x000000001da21800 8653       3       sun.reflect.ByteVectorImpl::resize (44 bytes)
Event: 16.812 Thread 0x000000001da21800 nmethod 8653 0x0000000004095b10 code [0x0000000004095c80, 0x0000000004095f68]
Event: 16.812 Thread 0x000000001da21800 8660       3       lombok.javac.JavacAST::buildType (203 bytes)
Event: 16.814 Thread 0x000000001da21800 nmethod 8660 0x0000000003cc3b90 code [0x0000000003cc4060, 0x0000000003cc7898]
Event: 16.820 Thread 0x000000001da21800 8662       3       lombok.javac.JavacTransformer$AnnotationVisitor::visitAnnotationOnField (34 bytes)
Event: 16.820 Thread 0x000000001da21800 nmethod 8662 0x000000000421c8d0 code [0x000000000421ca60, 0x000000000421d088]
Event: 16.821 Thread 0x000000001da21800 8663       3       lombok.javac.JavacAST::traverse (12 bytes)
Event: 16.821 Thread 0x000000001da21800 nmethod 8663 0x0000000004135ed0 code [0x0000000004136040, 0x0000000004136368]
Event: 16.823 Thread 0x000000001da21800 8664       3       com.sun.tools.javac.jvm.ClassReader$AttributeReader::<init> (26 bytes)
Event: 16.823 Thread 0x000000001da21800 nmethod 8664 0x0000000003960e10 code [0x0000000003960f60, 0x0000000003961170]

GC Heap History (10 events):
Event: 6.423 GC heap before
{Heap before GC invocations=6 (full 0):
 PSYoungGen      total 140800K, used 18452K [0x000000076b900000, 0x000000077e500000, 0x00000007c0000000)
  eden space 130048K, 5% used [0x000000076b900000,0x000000076c0872b8,0x0000000773800000)
  from space 10752K, 99% used [0x0000000773800000,0x000000077427e030,0x0000000774280000)
  to   space 23552K, 0% used [0x000000077ce00000,0x000000077ce00000,0x000000077e500000)
 ParOldGen       total 173568K, used 24106K [0x00000006c2a00000, 0x00000006cd380000, 0x000000076b900000)
  object space 173568K, 13% used [0x00000006c2a00000,0x00000006c418ab40,0x00000006cd380000)
 Metaspace       used 20564K, capacity 21220K, committed 21296K, reserved 1069056K
  class space    used 2378K, capacity 2584K, committed 2608K, reserved 1048576K
Event: 6.440 GC heap after
Heap after GC invocations=6 (full 0):
 PSYoungGen      total 283648K, used 10941K [0x000000076b900000, 0x000000077e500000, 0x00000007c0000000)
  eden space 260096K, 0% used [0x000000076b900000,0x000000076b900000,0x000000077b700000)
  from space 23552K, 46% used [0x000000077ce00000,0x000000077d8af6a0,0x000000077e500000)
  to   space 23552K, 0% used [0x000000077b700000,0x000000077b700000,0x000000077ce00000)
 ParOldGen       total 173568K, used 24106K [0x00000006c2a00000, 0x00000006cd380000, 0x000000076b900000)
  object space 173568K, 13% used [0x00000006c2a00000,0x00000006c418ab40,0x00000006cd380000)
 Metaspace       used 20564K, capacity 21220K, committed 21296K, reserved 1069056K
  class space    used 2378K, capacity 2584K, committed 2608K, reserved 1048576K
}
Event: 6.440 GC heap before
{Heap before GC invocations=7 (full 1):
 PSYoungGen      total 283648K, used 10941K [0x000000076b900000, 0x000000077e500000, 0x00000007c0000000)
  eden space 260096K, 0% used [0x000000076b900000,0x000000076b900000,0x000000077b700000)
  from space 23552K, 46% used [0x000000077ce00000,0x000000077d8af6a0,0x000000077e500000)
  to   space 23552K, 0% used [0x000000077b700000,0x000000077b700000,0x000000077ce00000)
 ParOldGen       total 173568K, used 24106K [0x00000006c2a00000, 0x00000006cd380000, 0x000000076b900000)
  object space 173568K, 13% used [0x00000006c2a00000,0x00000006c418ab40,0x00000006cd380000)
 Metaspace       used 20564K, capacity 21220K, committed 21296K, reserved 1069056K
  class space    used 2378K, capacity 2584K, committed 2608K, reserved 1048576K
Event: 6.568 GC heap after
Heap after GC invocations=7 (full 1):
 PSYoungGen      total 283648K, used 0K [0x000000076b900000, 0x000000077e500000, 0x00000007c0000000)
  eden space 260096K, 0% used [0x000000076b900000,0x000000076b900000,0x000000077b700000)
  from space 23552K, 0% used [0x000000077ce00000,0x000000077ce00000,0x000000077e500000)
  to   space 23552K, 0% used [0x000000077b700000,0x000000077b700000,0x000000077ce00000)
 ParOldGen       total 126976K, used 29594K [0x00000006c2a00000, 0x00000006ca600000, 0x000000076b900000)
  object space 126976K, 23% used [0x00000006c2a00000,0x00000006c46e6bb0,0x00000006ca600000)
 Metaspace       used 20564K, capacity 21220K, committed 21296K, reserved 1069056K
  class space    used 2378K, capacity 2584K, committed 2608K, reserved 1048576K
}
Event: 8.380 GC heap before
{Heap before GC invocations=8 (full 1):
 PSYoungGen      total 283648K, used 260096K [0x000000076b900000, 0x000000077e500000, 0x00000007c0000000)
  eden space 260096K, 100% used [0x000000076b900000,0x000000077b700000,0x000000077b700000)
  from space 23552K, 0% used [0x000000077ce00000,0x000000077ce00000,0x000000077e500000)
  to   space 23552K, 0% used [0x000000077b700000,0x000000077b700000,0x000000077ce00000)
 ParOldGen       total 126976K, used 29594K [0x00000006c2a00000, 0x00000006ca600000, 0x000000076b900000)
  object space 126976K, 23% used [0x00000006c2a00000,0x00000006c46e6bb0,0x00000006ca600000)
 Metaspace       used 26242K, capacity 27126K, committed 27440K, reserved 1073152K
  class space    used 3029K, capacity 3265K, committed 3376K, reserved 1048576K
Event: 8.403 GC heap after
Heap after GC invocations=8 (full 1):
 PSYoungGen      total 283648K, used 23184K [0x000000076b900000, 0x0000000788d00000, 0x00000007c0000000)
  eden space 260096K, 0% used [0x000000076b900000,0x000000076b900000,0x000000077b700000)
  from space 23552K, 98% used [0x000000077b700000,0x000000077cda4348,0x000000077ce00000)
  to   space 26624K, 0% used [0x0000000787300000,0x0000000787300000,0x0000000788d00000)
 ParOldGen       total 126976K, used 29602K [0x00000006c2a00000, 0x00000006ca600000, 0x000000076b900000)
  object space 126976K, 23% used [0x00000006c2a00000,0x00000006c46e8bb0,0x00000006ca600000)
 Metaspace       used 26242K, capacity 27126K, committed 27440K, reserved 1073152K
  class space    used 3029K, capacity 3265K, committed 3376K, reserved 1048576K
}
Event: 10.749 GC heap before
{Heap before GC invocations=9 (full 1):
 PSYoungGen      total 283648K, used 283163K [0x000000076b900000, 0x0000000788d00000, 0x00000007c0000000)
  eden space 260096K, 99% used [0x000000076b900000,0x000000077b6e28e0,0x000000077b700000)
  from space 23552K, 98% used [0x000000077b700000,0x000000077cda4348,0x000000077ce00000)
  to   space 26624K, 0% used [0x0000000787300000,0x0000000787300000,0x0000000788d00000)
 ParOldGen       total 126976K, used 29602K [0x00000006c2a00000, 0x00000006ca600000, 0x000000076b900000)
  object space 126976K, 23% used [0x00000006c2a00000,0x00000006c46e8bb0,0x00000006ca600000)
 Metaspace       used 28147K, capacity 29028K, committed 29232K, reserved 1075200K
  class space    used 3154K, capacity 3365K, committed 3376K, reserved 1048576K
Event: 10.766 GC heap after
Heap after GC invocations=9 (full 1):
 PSYoungGen      total 439296K, used 26614K [0x000000076b900000, 0x0000000788d00000, 0x00000007c0000000)
  eden space 412672K, 0% used [0x000000076b900000,0x000000076b900000,0x0000000784c00000)
  from space 26624K, 99% used [0x0000000787300000,0x0000000788cfd8c0,0x0000000788d00000)
  to   space 30208K, 0% used [0x0000000785200000,0x0000000785200000,0x0000000786f80000)
 ParOldGen       total 126976K, used 30739K [0x00000006c2a00000, 0x00000006ca600000, 0x000000076b900000)
  object space 126976K, 24% used [0x00000006c2a00000,0x00000006c4804e58,0x00000006ca600000)
 Metaspace       used 28147K, capacity 29028K, committed 29232K, reserved 1075200K
  class space    used 3154K, capacity 3365K, committed 3376K, reserved 1048576K
}
Event: 14.536 GC heap before
{Heap before GC invocations=10 (full 1):
 PSYoungGen      total 439296K, used 439286K [0x000000076b900000, 0x0000000788d00000, 0x00000007c0000000)
  eden space 412672K, 100% used [0x000000076b900000,0x0000000784c00000,0x0000000784c00000)
  from space 26624K, 99% used [0x0000000787300000,0x0000000788cfd8c0,0x0000000788d00000)
  to   space 30208K, 0% used [0x0000000785200000,0x0000000785200000,0x0000000786f80000)
 ParOldGen       total 126976K, used 30739K [0x00000006c2a00000, 0x00000006ca600000, 0x000000076b900000)
  object space 126976K, 24% used [0x00000006c2a00000,0x00000006c4804e58,0x00000006ca600000)
 Metaspace       used 30132K, capacity 31036K, committed 31280K, reserved 1077248K
  class space    used 3336K, capacity 3542K, committed 3632K, reserved 1048576K
Event: 14.614 GC heap after
Heap after GC invocations=10 (full 1):
 PSYoungGen      total 442880K, used 30192K [0x000000076b900000, 0x0000000788d00000, 0x00000007c0000000)
  eden space 412672K, 0% used [0x000000076b900000,0x000000076b900000,0x0000000784c00000)
  from space 30208K, 99% used [0x0000000785200000,0x0000000786f7c2d8,0x0000000786f80000)
  to   space 26624K, 0% used [0x0000000787300000,0x0000000787300000,0x0000000788d00000)
 ParOldGen       total 126976K, used 67875K [0x00000006c2a00000, 0x00000006ca600000, 0x000000076b900000)
  object space 126976K, 53% used [0x00000006c2a00000,0x00000006c6c48f78,0x00000006ca600000)
 Metaspace       used 30132K, capacity 31036K, committed 31280K, reserved 1077248K
  class space    used 3336K, capacity 3542K, committed 3632K, reserved 1048576K
}

Deoptimization events (10 events):
Event: 16.736 Thread 0x0000000000f6e000 Uncommon trap: reason=class_check action=maybe_recompile pc=0x00000000035ce810 method=java.util.Collections$UnmodifiableMap$UnmodifiableEntrySet$1.hasNext()Z @ 4
Event: 16.736 Thread 0x0000000000f6e000 Uncommon trap: reason=class_check action=maybe_recompile pc=0x0000000003620c00 method=java.util.Collections$UnmodifiableMap$UnmodifiableEntrySet$1.next()Ljava/util/Map$Entry; @ 8
Event: 16.736 Thread 0x0000000000f6e000 Uncommon trap: reason=class_check action=maybe_recompile pc=0x00000000036214c8 method=java.util.Collections$UnmodifiableMap$UnmodifiableEntrySet$UnmodifiableEntry.getKey()Ljava/lang/Object; @ 4
Event: 16.736 Thread 0x0000000000f6e000 Uncommon trap: reason=class_check action=maybe_recompile pc=0x0000000003621248 method=java.util.Collections$UnmodifiableMap$UnmodifiableEntrySet$UnmodifiableEntry.getValue()Ljava/lang/Object; @ 4
Event: 16.736 Thread 0x0000000000f6e000 Uncommon trap: reason=class_check action=maybe_recompile pc=0x00000000035ce810 method=java.util.Collections$UnmodifiableMap$UnmodifiableEntrySet$1.hasNext()Z @ 4
Event: 16.736 Thread 0x0000000000f6e000 Uncommon trap: reason=class_check action=maybe_recompile pc=0x0000000003620c00 method=java.util.Collections$UnmodifiableMap$UnmodifiableEntrySet$1.next()Ljava/util/Map$Entry; @ 8
Event: 16.736 Thread 0x0000000000f6e000 Uncommon trap: reason=class_check action=maybe_recompile pc=0x00000000036214c8 method=java.util.Collections$UnmodifiableMap$UnmodifiableEntrySet$UnmodifiableEntry.getKey()Ljava/lang/Object; @ 4
Event: 16.736 Thread 0x0000000000f6e000 Uncommon trap: reason=class_check action=maybe_recompile pc=0x0000000003621248 method=java.util.Collections$UnmodifiableMap$UnmodifiableEntrySet$UnmodifiableEntry.getValue()Ljava/lang/Object; @ 4
Event: 16.792 Thread 0x0000000000f6e000 Uncommon trap: reason=bimorphic action=maybe_recompile pc=0x0000000003e08e48 method=java.util.regex.Pattern$5.isSatisfiedBy(I)Z @ 16
Event: 16.792 Thread 0x0000000000f6e000 Uncommon trap: reason=bimorphic action=maybe_recompile pc=0x0000000003e08e48 method=java.util.regex.Pattern$5.isSatisfiedBy(I)Z @ 16

Internal exceptions (10 events):
Event: 8.377 Thread 0x0000000000f6e000 Exception <a 'java/lang/NullPointerException'> (0x000000077b551ff8) thrown at [D:\re\puppet\workspace\8-2-build-windows-amd64-cygwin\jdk8u73\6086\hotspot\src\share\vm\runtime\sharedRuntime.cpp, line 605]
Event: 8.378 Thread 0x0000000000f6e000 NullPointerException at vtable entry 0x00000000032824f0
Event: 8.378 Thread 0x0000000000f6e000 Exception <a 'java/lang/NullPointerException'> (0x000000077b5a9ed8) thrown at [D:\re\puppet\workspace\8-2-build-windows-amd64-cygwin\jdk8u73\6086\hotspot\src\share\vm\runtime\sharedRuntime.cpp, line 605]
Event: 9.035 Thread 0x0000000000f6e000 Implicit null exception at 0x0000000003444a73 to 0x0000000003445605
Event: 9.035 Thread 0x0000000000f6e000 Implicit null exception at 0x000000000337b09b to 0x000000000337b535
Event: 10.969 Thread 0x0000000000f6e000 Exception <a 'java/io/FileNotFoundException'> (0x000000076d368478) thrown at [D:\re\puppet\workspace\8-2-build-windows-amd64-cygwin\jdk8u73\6086\hotspot\src\share\vm\prims\jni.cpp, line 709]
Event: 10.970 Thread 0x0000000000f6e000 Exception <a 'java/io/FileNotFoundException'> (0x000000076d369d80) thrown at [D:\re\puppet\workspace\8-2-build-windows-amd64-cygwin\jdk8u73\6086\hotspot\src\share\vm\prims\jni.cpp, line 709]
Event: 15.360 Thread 0x0000000000f6e000 Implicit null exception at 0x0000000003d924bc to 0x0000000003d9296d
Event: 15.693 Thread 0x0000000000f6e000 Exception <a 'java/io/FileNotFoundException'> (0x000000077360f3e0) thrown at [D:\re\puppet\workspace\8-2-build-windows-amd64-cygwin\jdk8u73\6086\hotspot\src\share\vm\prims\jni.cpp, line 709]
Event: 15.694 Thread 0x0000000000f6e000 Exception <a 'java/io/FileNotFoundException'> (0x0000000773610ce8) thrown at [D:\re\puppet\workspace\8-2-build-windows-amd64-cygwin\jdk8u73\6086\hotspot\src\share\vm\prims\jni.cpp, line 709]

Events (10 events):
Event: 16.820 Thread 0x000000001da21800 flushing nmethod 0x00000000047cc010
Event: 16.820 Thread 0x000000001da21800 flushing nmethod 0x00000000047cc350
Event: 16.820 Thread 0x000000001da21800 flushing nmethod 0x00000000047cc690
Event: 16.820 Thread 0x000000001da21800 flushing nmethod 0x00000000047cf890
Event: 16.820 Thread 0x000000001da21800 flushing nmethod 0x00000000048269d0
Event: 16.820 Thread 0x000000001da21800 flushing nmethod 0x0000000004858fd0
Event: 16.820 Thread 0x000000001da21800 flushing nmethod 0x00000000048b7610
Event: 16.820 Thread 0x000000001da21800 flushing nmethod 0x00000000048bb450
Event: 16.822 loading class lombok/launch/AnnotationProcessorHider$ClaimingProcessor
Event: 16.822 loading class lombok/launch/AnnotationProcessorHider$ClaimingProcessor done


Dynamic libraries:
0x00007ff777c80000 - 0x00007ff777cb7000 	C:\Program Files\Java\jdk1.8.0_73\bin\java.exe
0x00007ff8e9b40000 - 0x00007ff8e9d30000 	C:\WINDOWS\SYSTEM32\ntdll.dll
0x00007ff8e9a40000 - 0x00007ff8e9af2000 	C:\WINDOWS\System32\KERNEL32.DLL
0x00007ff8e78a0000 - 0x00007ff8e7b44000 	C:\WINDOWS\System32\KERNELBASE.dll
0x00007ff8e8590000 - 0x00007ff8e8633000 	C:\WINDOWS\System32\ADVAPI32.dll
0x00007ff8e9840000 - 0x00007ff8e98de000 	C:\WINDOWS\System32\msvcrt.dll
0x00007ff8e8f60000 - 0x00007ff8e8ff7000 	C:\WINDOWS\System32\sechost.dll
0x00007ff8e81e0000 - 0x00007ff8e8300000 	C:\WINDOWS\System32\RPCRT4.dll
0x00007ff8e7f90000 - 0x00007ff8e8124000 	C:\WINDOWS\System32\USER32.dll
0x00007ff8e74d0000 - 0x00007ff8e74f1000 	C:\WINDOWS\System32\win32u.dll
0x00007ff8e98e0000 - 0x00007ff8e9906000 	C:\WINDOWS\System32\GDI32.dll
0x00007ff8e7500000 - 0x00007ff8e7696000 	C:\WINDOWS\System32\gdi32full.dll
0x00007ff8e7b50000 - 0x00007ff8e7bee000 	C:\WINDOWS\System32\msvcp_win.dll
0x00007ff8e6ac0000 - 0x00007ff8e6bba000 	C:\WINDOWS\System32\ucrtbase.dll
0x00007ff8d6b70000 - 0x00007ff8d6df4000 	C:\WINDOWS\WinSxS\amd64_microsoft.windows.common-controls_6595b64144ccf1df_6.0.18362.959_none_e6c7bbbf130c62bb\COMCTL32.dll
0x00007ff8e7c50000 - 0x00007ff8e7f85000 	C:\WINDOWS\System32\combase.dll
0x00007ff8e76a0000 - 0x00007ff8e7720000 	C:\WINDOWS\System32\bcryptPrimitives.dll
0x00007ff8e9910000 - 0x00007ff8e993e000 	C:\WINDOWS\System32\IMM32.DLL
0x0000000055bf0000 - 0x0000000055cc2000 	C:\Program Files\Java\jdk1.8.0_73\jre\bin\msvcr100.dll
0x0000000055360000 - 0x0000000055bf0000 	C:\Program Files\Java\jdk1.8.0_73\jre\bin\server\jvm.dll
0x00007ff8e95d0000 - 0x00007ff8e95d8000 	C:\WINDOWS\System32\PSAPI.DLL
0x00007ff8d9580000 - 0x00007ff8d958a000 	C:\WINDOWS\SYSTEM32\VERSION.dll
0x00007ff8e4950000 - 0x00007ff8e4974000 	C:\WINDOWS\SYSTEM32\WINMM.dll
0x00007ff8e4920000 - 0x00007ff8e494d000 	C:\WINDOWS\SYSTEM32\winmmbase.dll
0x00007ff8e7420000 - 0x00007ff8e746a000 	C:\WINDOWS\System32\cfgmgr32.dll
0x00007ff8d9270000 - 0x00007ff8d9279000 	C:\WINDOWS\SYSTEM32\WSOCK32.dll
0x00007ff8e99d0000 - 0x00007ff8e9a3f000 	C:\WINDOWS\System32\ws2_32.DLL
0x0000000055350000 - 0x000000005535f000 	C:\Program Files\Java\jdk1.8.0_73\jre\bin\verify.dll
0x0000000055320000 - 0x0000000055349000 	C:\Program Files\Java\jdk1.8.0_73\jre\bin\java.dll
0x0000000054dd0000 - 0x0000000054df3000 	C:\Program Files\Java\jdk1.8.0_73\jre\bin\instrument.dll
0x0000000055300000 - 0x0000000055316000 	C:\Program Files\Java\jdk1.8.0_73\jre\bin\zip.dll
0x00007ff8e8640000 - 0x00007ff8e8d26000 	C:\WINDOWS\System32\SHELL32.dll
0x00007ff8e8130000 - 0x00007ff8e81d9000 	C:\WINDOWS\System32\shcore.dll
0x00007ff8e6bc0000 - 0x00007ff8e7342000 	C:\WINDOWS\System32\windows.storage.dll
0x00007ff8e6a20000 - 0x00007ff8e6a43000 	C:\WINDOWS\System32\profapi.dll
0x00007ff8e6a70000 - 0x00007ff8e6aba000 	C:\WINDOWS\System32\powrprof.dll
0x00007ff8e69f0000 - 0x00007ff8e6a00000 	C:\WINDOWS\System32\UMPDC.dll
0x00007ff8e8530000 - 0x00007ff8e8582000 	C:\WINDOWS\System32\shlwapi.dll
0x00007ff8e6a50000 - 0x00007ff8e6a61000 	C:\WINDOWS\System32\kernel.appcore.dll
0x00007ff8e7400000 - 0x00007ff8e7417000 	C:\WINDOWS\System32\cryptsp.dll
0x00007ff8d2740000 - 0x00007ff8d275a000 	G:\JetBrains\IntelliJ IDEA 2019.3.1\bin\breakgen64.dll
0x00000000552e0000 - 0x00000000552fa000 	C:\Program Files\Java\jdk1.8.0_73\jre\bin\net.dll
0x00007ff8e6200000 - 0x00007ff8e6267000 	C:\WINDOWS\system32\mswsock.dll
0x00007ff8e5d70000 - 0x00007ff8e5da3000 	C:\WINDOWS\system32\rsaenh.dll
0x00007ff8e7870000 - 0x00007ff8e7896000 	C:\WINDOWS\System32\bcrypt.dll
0x00007ff8e6910000 - 0x00007ff8e6935000 	C:\WINDOWS\SYSTEM32\USERENV.dll
0x00007ff8e63d0000 - 0x00007ff8e63dc000 	C:\WINDOWS\SYSTEM32\CRYPTBASE.dll
0x00007ff8e5f10000 - 0x00007ff8e5f4a000 	C:\WINDOWS\SYSTEM32\IPHLPAPI.DLL
0x00007ff8e9140000 - 0x00007ff8e9148000 	C:\WINDOWS\System32\NSI.dll
0x00007ff8dc070000 - 0x00007ff8dc086000 	C:\WINDOWS\SYSTEM32\dhcpcsvc6.DLL
0x00007ff8dc050000 - 0x00007ff8dc06c000 	C:\WINDOWS\SYSTEM32\dhcpcsvc.DLL
0x00007ff8e5f50000 - 0x00007ff8e601b000 	C:\WINDOWS\SYSTEM32\DNSAPI.dll
0x00000000552c0000 - 0x00000000552d1000 	C:\Program Files\Java\jdk1.8.0_73\jre\bin\nio.dll
0x00007ff8d27d0000 - 0x00007ff8d27da000 	C:\Users\admin\AppData\Local\Temp\jansi-1.17.1-5888587962998412189.dll
0x00007ff8d2730000 - 0x00007ff8d273a000 	C:\Users\admin\AppData\Local\Temp\jansi-1.17.1-8794208168594665870.dll

VM Arguments:
jvm_args: -Dmaven.multiModuleProjectDirectory=G:\java\apl-wms-warehouse -Dmaven.home=D:\softWare\apache-maven-3.6.3 -Dclassworlds.conf=D:\softWare\apache-maven-3.6.3\bin\m2.conf -Dmaven.ext.class.path=G:\JetBrains\IntelliJ IDEA 2019.3.1\plugins\maven\lib\maven-event-listener.jar -javaagent:G:\JetBrains\IntelliJ IDEA 2019.3.1\lib\idea_rt.jar=59403:G:\JetBrains\IntelliJ IDEA 2019.3.1\bin -Dfile.encoding=UTF-8 
java_command: org.codehaus.classworlds.Launcher -Didea.version2019.3.1 -s D:\softWare\apache-maven-3.6.3\conf\settings.xml install
java_class_path (initial): D:\softWare\apache-maven-3.6.3\boot\plexus-classworlds-2.6.0.jar;D:\softWare\apache-maven-3.6.3\boot\plexus-classworlds.license;G:\JetBrains\IntelliJ IDEA 2019.3.1\lib\idea_rt.jar
Launcher Type: SUN_STANDARD

Environment Variables:
PATH=C:\ProgramData\Oracle\Java\javapath;C:\WINDOWS\system32;C:\WINDOWS;C:\WINDOWS\System32\Wbem;C:\WINDOWS\System32\WindowsPowerShell\v1.0\;G:\git2019\cmd;C:\WINDOWS\System32\OpenSSH\;C:\Program Files\Java\jdk1.8.0_73\bin;G:\javasetup\gradle-6.1\bin;D:\softWare\apache-maven-3.6.1\bin;C:\Ruby26-x64\bin;C:\Users\admin\AppData\Local\Microsoft\WindowsApps;
USERNAME=admin
OS=Windows_NT
PROCESSOR_IDENTIFIER=Intel64 Family 6 Model 158 Stepping 11, GenuineIntel



---------------  S Y S T E M  ---------------

OS: Windows 10.0 , 64 bit Build 18362 (10.0.18362.959)

CPU:total 4 (4 cores per cpu, 1 threads per core) family 6 model 158 stepping 11, cmov, cx8, fxsr, mmx, sse, sse2, sse3, ssse3, sse4.1, sse4.2, popcnt, avx, avx2, aes, clmul, erms, 3dnowpref, lzcnt, tsc, tscinvbit, bmi1, bmi2, adx

Memory: 4k page, physical 16599440k(7087932k free), swap 18696592k(5184k free)

vm_info: Java HotSpot(TM) 64-Bit Server VM (25.73-b02) for windows-amd64 JRE (1.8.0_73-b02), built on Jan 29 2016 17:38:49 by "java_re" with MS VC++ 10.0 (VS2010)

time: Fri Jul 31 17:51:23 2020
elapsed time: 17 seconds (0d 0h 0m 17s)

