#
# There is insufficient memory for the Java Runtime Environment to continue.
# Native memory allocation (malloc) failed to allocate 32744 bytes for ChunkPool::allocate
# Possible reasons:
#   The system is out of physical RAM or swap space
#   In 32 bit mode, the process size limit was hit
# Possible solutions:
#   Reduce memory load on the system
#   Increase physical memory or swap space
#   Check if swap backing store is full
#   Use 64 bit Java on a 64 bit OS
#   Decrease Java heap size (-Xmx/-Xms)
#   Decrease number of Java threads
#   Decrease Java thread stack sizes (-Xss)
#   Set larger code cache with -XX:ReservedCodeCacheSize=
# This output file may be truncated or incomplete.
#
#  Out of Memory Error (allocation.cpp:273), pid=11540, tid=3028
#
# JRE version: Java(TM) SE Runtime Environment (8.0_73-b02) (build 1.8.0_73-b02)
# Java VM: Java HotSpot(TM) 64-Bit Server VM (25.73-b02 mixed mode windows-amd64 compressed oops)
# Failed to write core dump. Minidumps are not enabled by default on client versions of Windows
#

---------------  T H R E A D  ---------------

Current thread (0x000000001d60b000):  JavaThread "C2 CompilerThread0" daemon [_thread_in_native, id=3028, stack(0x000000001dae0000,0x000000001dbe0000)]

Stack: [0x000000001dae0000,0x000000001dbe0000]
[error occurred during error reporting (printing stack bounds), id 0xc0000005]

Native frames: (J=compiled Java code, j=interpreted, Vv=VM code, C=native code)


Current CompileTask:
C2:  16464 5396       4       lombok.javac.JavacAST::buildStatementOrExpression (104 bytes)


---------------  P R O C E S S  ---------------

Java Threads: ( => current thread )
  0x000000001d6a4000 JavaThread "Service Thread" daemon [_thread_blocked, id=16436, stack(0x000000001dde0000,0x000000001dee0000)]
  0x000000001d611800 JavaThread "C1 CompilerThread2" daemon [_thread_blocked, id=580, stack(0x000000001dce0000,0x000000001dde0000)]
  0x000000001d60f800 JavaThread "C2 CompilerThread1" daemon [_thread_in_native, id=8764, stack(0x000000001dbe0000,0x000000001dce0000)]
=>0x000000001d60b000 JavaThread "C2 CompilerThread0" daemon [_thread_in_native, id=3028, stack(0x000000001dae0000,0x000000001dbe0000)]
  0x000000001d5f1800 JavaThread "Monitor Ctrl-Break" daemon [_thread_in_native, id=8200, stack(0x000000001d9e0000,0x000000001dae0000)]
  0x000000001c029800 JavaThread "Attach Listener" daemon [_thread_blocked, id=17112, stack(0x000000001d4e0000,0x000000001d5e0000)]
  0x000000001c07e000 JavaThread "Signal Dispatcher" daemon [_thread_blocked, id=14748, stack(0x000000001d3e0000,0x000000001d4e0000)]
  0x0000000002a87000 JavaThread "Finalizer" daemon [_thread_blocked, id=20444, stack(0x000000001d280000,0x000000001d380000)]
  0x0000000002a7e000 JavaThread "Reference Handler" daemon [_thread_blocked, id=20272, stack(0x000000001d180000,0x000000001d280000)]
  0x0000000000d0e000 JavaThread "main" [_thread_in_native, id=20156, stack(0x0000000000c00000,0x0000000000d00000)]

Other Threads:
  0x000000001bfe8000 VMThread [stack: 0x000000001d080000,0x000000001d180000] [id=6152]
  0x000000001d6c0800 WatcherThread [stack: 0x000000001dee0000,0x000000001dfe0000] [id=448]

VM state:not at safepoint (normal execution)

VM Mutex/Monitor currently owned by a thread: None

Heap:
 PSYoungGen      total 268800K, used 63663K [0x000000076b900000, 0x000000077fd80000, 0x00000007c0000000)
  eden space 249856K, 17% used [0x000000076b900000,0x000000076e4ae5b8,0x000000077ad00000)
  from space 18944K, 99% used [0x000000077ad00000,0x000000077bf7da38,0x000000077bf80000)
  to   space 31232K, 0% used [0x000000077df00000,0x000000077df00000,0x000000077fd80000)
 ParOldGen       total 130048K, used 43553K [0x00000006c2a00000, 0x00000006ca900000, 0x000000076b900000)
  object space 130048K, 33% used [0x00000006c2a00000,0x00000006c54887a0,0x00000006ca900000)
 Metaspace       used 28806K, capacity 29490K, committed 29696K, reserved 1075200K
  class space    used 3326K, capacity 3523K, committed 3584K, reserved 1048576K

Card table byte_map: [0x0000000011e50000,0x0000000012640000] byte_map_base: 0x000000000e83b000

Marking Bits: (ParMarkBitMap*) 0x0000000056bc0600
 Begin Bits: [0x0000000012f90000, 0x0000000016ee8000)
 End Bits:   [0x0000000016ee8000, 0x000000001ae40000)

Polling page: 0x00000000003f0000

CodeCache: size=245760Kb used=17914Kb max_used=17937Kb free=227845Kb
 bounds [0x0000000002a90000, 0x0000000003c30000, 0x0000000011a90000]
 total_blobs=5367 nmethods=4922 adapters=357
 compilation: enabled

Compilation events (10 events):
Event: 16.441 Thread 0x000000001d611800 5609       2       javax.tools.ForwardingJavaFileManager::inferBinaryName (12 bytes)
Event: 16.441 Thread 0x000000001d611800 nmethod 5609 0x000000000378a850 code [0x000000000378a9c0, 0x000000000378ab48]
Event: 16.443 Thread 0x000000001d611800 5610       2       java.util.RegularEnumSet::isEmpty (15 bytes)
Event: 16.443 Thread 0x000000001d611800 nmethod 5610 0x0000000003004090 code [0x00000000030041e0, 0x0000000003004350]
Event: 16.447 Thread 0x000000001d611800 5611       2       com.sun.tools.javac.jvm.ClassReader::fillIn (150 bytes)
Event: 16.448 Thread 0x000000001d611800 nmethod 5611 0x0000000003789c90 code [0x0000000003789e80, 0x000000000378a338]
Event: 16.448 Thread 0x000000001d611800 5612       2       java.util.RegularEnumSet::remove (74 bytes)
Event: 16.448 Thread 0x000000001d611800 nmethod 5612 0x0000000003789750 code [0x00000000037898c0, 0x0000000003789b28]
Event: 16.450 Thread 0x000000001d611800 5613       2       com.sun.tools.javac.jvm.ClassReader::enterClass (130 bytes)
Event: 16.450 Thread 0x000000001d611800 nmethod 5613 0x0000000003787ed0 code [0x0000000003788160, 0x0000000003788c68]

GC Heap History (10 events):
Event: 4.000 GC heap before
{Heap before GC invocations=4 (full 0):
 PSYoungGen      total 75776K, used 75768K [0x000000076b900000, 0x0000000774d00000, 0x00000007c0000000)
  eden space 65024K, 100% used [0x000000076b900000,0x000000076f880000,0x000000076f880000)
  from space 10752K, 99% used [0x000000076f880000,0x00000007702fe030,0x0000000770300000)
  to   space 10752K, 0% used [0x0000000774280000,0x0000000774280000,0x0000000774d00000)
 ParOldGen       total 173568K, used 8056K [0x00000006c2a00000, 0x00000006cd380000, 0x000000076b900000)
  object space 173568K, 4% used [0x00000006c2a00000,0x00000006c31de2d8,0x00000006cd380000)
 Metaspace       used 19416K, capacity 19860K, committed 20096K, reserved 1067008K
  class space    used 2246K, capacity 2387K, committed 2432K, reserved 1048576K
Event: 4.012 GC heap after
Heap after GC invocations=4 (full 0):
 PSYoungGen      total 140800K, used 10728K [0x000000076b900000, 0x0000000774d00000, 0x00000007c0000000)
  eden space 130048K, 0% used [0x000000076b900000,0x000000076b900000,0x0000000773800000)
  from space 10752K, 99% used [0x0000000774280000,0x0000000774cfa040,0x0000000774d00000)
  to   space 10752K, 0% used [0x0000000773800000,0x0000000773800000,0x0000000774280000)
 ParOldGen       total 173568K, used 12831K [0x00000006c2a00000, 0x00000006cd380000, 0x000000076b900000)
  object space 173568K, 7% used [0x00000006c2a00000,0x00000006c3687d20,0x00000006cd380000)
 Metaspace       used 19416K, capacity 19860K, committed 20096K, reserved 1067008K
  class space    used 2246K, capacity 2387K, committed 2432K, reserved 1048576K
}
Event: 7.084 GC heap before
{Heap before GC invocations=5 (full 0):
 PSYoungGen      total 140800K, used 26369K [0x000000076b900000, 0x0000000774d00000, 0x00000007c0000000)
  eden space 130048K, 12% used [0x000000076b900000,0x000000076c8466d0,0x0000000773800000)
  from space 10752K, 99% used [0x0000000774280000,0x0000000774cfa040,0x0000000774d00000)
  to   space 10752K, 0% used [0x0000000773800000,0x0000000773800000,0x0000000774280000)
 ParOldGen       total 173568K, used 12831K [0x00000006c2a00000, 0x00000006cd380000, 0x000000076b900000)
  object space 173568K, 7% used [0x00000006c2a00000,0x00000006c3687d20,0x00000006cd380000)
 Metaspace       used 20576K, capacity 21012K, committed 21296K, reserved 1069056K
  class space    used 2416K, capacity 2579K, committed 2688K, reserved 1048576K
Event: 7.097 GC heap after
Heap after GC invocations=5 (full 0):
 PSYoungGen      total 140800K, used 10744K [0x000000076b900000, 0x000000077db00000, 0x00000007c0000000)
  eden space 130048K, 0% used [0x000000076b900000,0x000000076b900000,0x0000000773800000)
  from space 10752K, 99% used [0x0000000773800000,0x000000077427e020,0x0000000774280000)
  to   space 18432K, 0% used [0x000000077c900000,0x000000077c900000,0x000000077db00000)
 ParOldGen       total 173568K, used 14994K [0x00000006c2a00000, 0x00000006cd380000, 0x000000076b900000)
  object space 173568K, 8% used [0x00000006c2a00000,0x00000006c38a4878,0x00000006cd380000)
 Metaspace       used 20576K, capacity 21012K, committed 21296K, reserved 1069056K
  class space    used 2416K, capacity 2579K, committed 2688K, reserved 1048576K
}
Event: 7.097 GC heap before
{Heap before GC invocations=6 (full 1):
 PSYoungGen      total 140800K, used 10744K [0x000000076b900000, 0x000000077db00000, 0x00000007c0000000)
  eden space 130048K, 0% used [0x000000076b900000,0x000000076b900000,0x0000000773800000)
  from space 10752K, 99% used [0x0000000773800000,0x000000077427e020,0x0000000774280000)
  to   space 18432K, 0% used [0x000000077c900000,0x000000077c900000,0x000000077db00000)
 ParOldGen       total 173568K, used 14994K [0x00000006c2a00000, 0x00000006cd380000, 0x000000076b900000)
  object space 173568K, 8% used [0x00000006c2a00000,0x00000006c38a4878,0x00000006cd380000)
 Metaspace       used 20576K, capacity 21012K, committed 21296K, reserved 1069056K
  class space    used 2416K, capacity 2579K, committed 2688K, reserved 1048576K
Event: 7.190 GC heap after
Heap after GC invocations=6 (full 1):
 PSYoungGen      total 140800K, used 0K [0x000000076b900000, 0x000000077db00000, 0x00000007c0000000)
  eden space 130048K, 0% used [0x000000076b900000,0x000000076b900000,0x0000000773800000)
  from space 10752K, 0% used [0x0000000773800000,0x0000000773800000,0x0000000774280000)
  to   space 18432K, 0% used [0x000000077c900000,0x000000077c900000,0x000000077db00000)
 ParOldGen       total 130048K, used 23418K [0x00000006c2a00000, 0x00000006ca900000, 0x000000076b900000)
  object space 130048K, 18% used [0x00000006c2a00000,0x00000006c40de990,0x00000006ca900000)
 Metaspace       used 20576K, capacity 21012K, committed 21296K, reserved 1069056K
  class space    used 2416K, capacity 2579K, committed 2688K, reserved 1048576K
}
Event: 14.307 GC heap before
{Heap before GC invocations=7 (full 1):
 PSYoungGen      total 140800K, used 130048K [0x000000076b900000, 0x000000077db00000, 0x00000007c0000000)
  eden space 130048K, 100% used [0x000000076b900000,0x0000000773800000,0x0000000773800000)
  from space 10752K, 0% used [0x0000000773800000,0x0000000773800000,0x0000000774280000)
  to   space 18432K, 0% used [0x000000077c900000,0x000000077c900000,0x000000077db00000)
 ParOldGen       total 130048K, used 23418K [0x00000006c2a00000, 0x00000006ca900000, 0x000000076b900000)
  object space 130048K, 18% used [0x00000006c2a00000,0x00000006c40de990,0x00000006ca900000)
 Metaspace       used 22084K, capacity 22594K, committed 22960K, reserved 1069056K
  class space    used 2550K, capacity 2724K, committed 2816K, reserved 1048576K
Event: 14.317 GC heap after
Heap after GC invocations=7 (full 1):
 PSYoungGen      total 193024K, used 8779K [0x000000076b900000, 0x000000077d200000, 0x00000007c0000000)
  eden space 183808K, 0% used [0x000000076b900000,0x000000076b900000,0x0000000776c80000)
  from space 9216K, 95% used [0x000000077c900000,0x000000077d192d60,0x000000077d200000)
  to   space 18944K, 0% used [0x000000077ad00000,0x000000077ad00000,0x000000077bf80000)
 ParOldGen       total 130048K, used 23418K [0x00000006c2a00000, 0x00000006ca900000, 0x000000076b900000)
  object space 130048K, 18% used [0x00000006c2a00000,0x00000006c40de990,0x00000006ca900000)
 Metaspace       used 22084K, capacity 22594K, committed 22960K, reserved 1069056K
  class space    used 2550K, capacity 2724K, committed 2816K, reserved 1048576K
}
Event: 16.238 GC heap before
{Heap before GC invocations=8 (full 1):
 PSYoungGen      total 193024K, used 192587K [0x000000076b900000, 0x000000077d200000, 0x00000007c0000000)
  eden space 183808K, 100% used [0x000000076b900000,0x0000000776c80000,0x0000000776c80000)
  from space 9216K, 95% used [0x000000077c900000,0x000000077d192d60,0x000000077d200000)
  to   space 18944K, 0% used [0x000000077ad00000,0x000000077ad00000,0x000000077bf80000)
 ParOldGen       total 130048K, used 23418K [0x00000006c2a00000, 0x00000006ca900000, 0x000000076b900000)
  object space 130048K, 18% used [0x00000006c2a00000,0x00000006c40de990,0x00000006ca900000)
 Metaspace       used 28441K, capacity 29088K, committed 29440K, reserved 1075200K
  class space    used 3285K, capacity 3481K, committed 3584K, reserved 1048576K
Event: 16.273 GC heap after
Heap after GC invocations=8 (full 1):
 PSYoungGen      total 268800K, used 18934K [0x000000076b900000, 0x000000077fd80000, 0x00000007c0000000)
  eden space 249856K, 0% used [0x000000076b900000,0x000000076b900000,0x000000077ad00000)
  from space 18944K, 99% used [0x000000077ad00000,0x000000077bf7da38,0x000000077bf80000)
  to   space 31232K, 0% used [0x000000077df00000,0x000000077df00000,0x000000077fd80000)
 ParOldGen       total 130048K, used 43553K [0x00000006c2a00000, 0x00000006ca900000, 0x000000076b900000)
  object space 130048K, 33% used [0x00000006c2a00000,0x00000006c54887a0,0x00000006ca900000)
 Metaspace       used 28441K, capacity 29088K, committed 29440K, reserved 1075200K
  class space    used 3285K, capacity 3481K, committed 3584K, reserved 1048576K
}

Deoptimization events (10 events):
Event: 16.183 Thread 0x0000000000d0e000 Uncommon trap: reason=class_check action=maybe_recompile pc=0x0000000003c0a42c method=lombok.javac.JavacNode.traverse(Llombok/javac/JavacASTVisitor;)V @ 73
Event: 16.183 Thread 0x0000000000d0e000 Uncommon trap: reason=class_check action=maybe_recompile pc=0x0000000003c0a438 method=lombok.javac.JavacNode.traverse(Llombok/javac/JavacASTVisitor;)V @ 113
Event: 16.183 Thread 0x0000000000d0e000 Uncommon trap: reason=class_check action=maybe_recompile pc=0x0000000003c0a5d0 method=lombok.javac.JavacNode.traverse(Llombok/javac/JavacASTVisitor;)V @ 490
Event: 16.183 Thread 0x0000000000d0e000 Uncommon trap: reason=class_check action=maybe_recompile pc=0x0000000003c0a5d0 method=lombok.javac.JavacNode.traverse(Llombok/javac/JavacASTVisitor;)V @ 490
Event: 16.355 Thread 0x0000000000d0e000 Uncommon trap: reason=null_check action=maybe_recompile pc=0x000000000376eec0 method=java.util.regex.Matcher.getTextLength()I @ 4
Event: 16.356 Thread 0x0000000000d0e000 Uncommon trap: reason=null_check action=maybe_recompile pc=0x000000000376eec0 method=java.util.regex.Matcher.getTextLength()I @ 4
Event: 16.358 Thread 0x0000000000d0e000 Uncommon trap: reason=null_check action=maybe_recompile pc=0x000000000376eec0 method=java.util.regex.Matcher.getTextLength()I @ 4
Event: 16.359 Thread 0x0000000000d0e000 Uncommon trap: reason=null_check action=maybe_recompile pc=0x00000000037ade98 method=java.util.regex.Matcher.getTextLength()I @ 4
Event: 16.410 Thread 0x0000000000d0e000 Uncommon trap: reason=class_check action=maybe_recompile pc=0x0000000003a9c79c method=com.sun.tools.javac.util.ListBuffer.next()Ljava/lang/Object; @ 12
Event: 16.411 Thread 0x0000000000d0e000 Uncommon trap: reason=unstable_if action=reinterpret pc=0x0000000002d23264 method=com.sun.tools.javac.code.Symbol$TypeSymbol.formFullName(Lcom/sun/tools/javac/util/Name;Lcom/sun/tools/javac/code/Symbol;)Lcom/sun/tools/javac/util/Name; @ 1

Internal exceptions (10 events):
Event: 14.860 Thread 0x0000000000d0e000 Exception <a 'java/io/FileNotFoundException'> (0x000000076e77b768) thrown at [D:\re\puppet\workspace\8-2-build-windows-amd64-cygwin\jdk8u73\6086\hotspot\src\share\vm\prims\jni.cpp, line 709]
Event: 15.304 Thread 0x0000000000d0e000 Implicit null exception at 0x0000000002fda898 to 0x0000000002fda8ce
Event: 15.874 Thread 0x0000000000d0e000 Implicit null exception at 0x0000000003b24671 to 0x0000000003b24e55
Event: 15.998 Thread 0x0000000000d0e000 Implicit null exception at 0x00000000031a1133 to 0x00000000031a155d
Event: 16.001 Thread 0x0000000000d0e000 Implicit null exception at 0x0000000003189515 to 0x0000000003189719
Event: 16.355 Thread 0x0000000000d0e000 Implicit null exception at 0x000000000376ed6b to 0x000000000376eeb1
Event: 16.356 Thread 0x0000000000d0e000 Implicit null exception at 0x000000000376ed6b to 0x000000000376eeb1
Event: 16.358 Thread 0x0000000000d0e000 Implicit null exception at 0x000000000376ed6b to 0x000000000376eeb1
Event: 16.359 Thread 0x0000000000d0e000 Implicit null exception at 0x00000000037add6a to 0x00000000037ade8d
Event: 16.411 Thread 0x0000000000d0e000 Implicit null exception at 0x0000000002d2314f to 0x0000000002d23251

Events (10 events):
Event: 16.359 Thread 0x0000000000d0e000 DEOPT PACKING pc=0x00000000037ade98 sp=0x0000000000cfcb70
Event: 16.359 Thread 0x0000000000d0e000 DEOPT UNPACKING pc=0x0000000002ad582a sp=0x0000000000cfca90 mode 2
Event: 16.410 loading class lombok/launch/AnnotationProcessorHider$ClaimingProcessor
Event: 16.410 loading class lombok/launch/AnnotationProcessorHider$ClaimingProcessor done
Event: 16.410 Thread 0x0000000000d0e000 Uncommon trap: trap_request=0xffffffde fr.pc=0x0000000003a9c79c
Event: 16.410 Thread 0x0000000000d0e000 DEOPT PACKING pc=0x0000000003a9c79c sp=0x0000000000cfdd20
Event: 16.410 Thread 0x0000000000d0e000 DEOPT UNPACKING pc=0x0000000002ad582a sp=0x0000000000cfdcc0 mode 2
Event: 16.411 Thread 0x0000000000d0e000 Uncommon trap: trap_request=0xffffff65 fr.pc=0x0000000002d23264
Event: 16.411 Thread 0x0000000000d0e000 DEOPT PACKING pc=0x0000000002d23264 sp=0x0000000000cfd8c0
Event: 16.411 Thread 0x0000000000d0e000 DEOPT UNPACKING pc=0x0000000002ad582a sp=0x0000000000cfd860 mode 2


Dynamic libraries:
0x00007ff6dde30000 - 0x00007ff6dde67000 	C:\Program Files\Java\jdk1.8.0_73\bin\java.exe
0x00007ffa76ce0000 - 0x00007ffa76ed0000 	C:\WINDOWS\SYSTEM32\ntdll.dll
0x00007ffa76800000 - 0x00007ffa768b2000 	C:\WINDOWS\System32\KERNEL32.DLL
0x00007ffa74210000 - 0x00007ffa744b4000 	C:\WINDOWS\System32\KERNELBASE.dll
0x00007ffa76af0000 - 0x00007ffa76b93000 	C:\WINDOWS\System32\ADVAPI32.dll
0x00007ffa76c00000 - 0x00007ffa76c9e000 	C:\WINDOWS\System32\msvcrt.dll
0x00007ffa762b0000 - 0x00007ffa76347000 	C:\WINDOWS\System32\sechost.dll
0x00007ffa76670000 - 0x00007ffa76790000 	C:\WINDOWS\System32\RPCRT4.dll
0x00007ffa76950000 - 0x00007ffa76ae4000 	C:\WINDOWS\System32\USER32.dll
0x00007ffa73e90000 - 0x00007ffa73eb1000 	C:\WINDOWS\System32\win32u.dll
0x00007ffa76480000 - 0x00007ffa764a6000 	C:\WINDOWS\System32\GDI32.dll
0x00007ffa74040000 - 0x00007ffa741d5000 	C:\WINDOWS\System32\gdi32full.dll
0x00007ffa73d70000 - 0x00007ffa73e0e000 	C:\WINDOWS\System32\msvcp_win.dll
0x00007ffa73f20000 - 0x00007ffa7401a000 	C:\WINDOWS\System32\ucrtbase.dll
0x00007ffa645b0000 - 0x00007ffa64834000 	C:\WINDOWS\WinSxS\amd64_microsoft.windows.common-controls_6595b64144ccf1df_6.0.18362.900_none_e6beb9d913147d17\COMCTL32.dll
0x00007ffa74fd0000 - 0x00007ffa75305000 	C:\WINDOWS\System32\combase.dll
0x00007ffa73e10000 - 0x00007ffa73e90000 	C:\WINDOWS\System32\bcryptPrimitives.dll
0x00007ffa74ef0000 - 0x00007ffa74f1e000 	C:\WINDOWS\System32\IMM32.DLL
0x0000000056c40000 - 0x0000000056d12000 	C:\Program Files\Java\jdk1.8.0_73\jre\bin\msvcr100.dll
0x00000000563b0000 - 0x0000000056c40000 	C:\Program Files\Java\jdk1.8.0_73\jre\bin\server\jvm.dll
0x00007ffa76230000 - 0x00007ffa76238000 	C:\WINDOWS\System32\PSAPI.DLL
0x00007ffa71db0000 - 0x00007ffa71db9000 	C:\WINDOWS\SYSTEM32\WSOCK32.dll
0x00007ffa71b00000 - 0x00007ffa71b24000 	C:\WINDOWS\SYSTEM32\WINMM.dll
0x00007ffa76240000 - 0x00007ffa762af000 	C:\WINDOWS\System32\WS2_32.dll
0x00007ffa66d30000 - 0x00007ffa66d3a000 	C:\WINDOWS\SYSTEM32\VERSION.dll
0x00007ffa71ad0000 - 0x00007ffa71afd000 	C:\WINDOWS\SYSTEM32\WINMMBASE.dll
0x00007ffa73c70000 - 0x00007ffa73cba000 	C:\WINDOWS\System32\cfgmgr32.dll
0x00000000563a0000 - 0x00000000563af000 	C:\Program Files\Java\jdk1.8.0_73\jre\bin\verify.dll
0x0000000056370000 - 0x0000000056399000 	C:\Program Files\Java\jdk1.8.0_73\jre\bin\java.dll
0x0000000056280000 - 0x00000000562a3000 	C:\Program Files\Java\jdk1.8.0_73\jre\bin\instrument.dll
0x0000000056350000 - 0x0000000056366000 	C:\Program Files\Java\jdk1.8.0_73\jre\bin\zip.dll
0x00007ffa75310000 - 0x00007ffa759f6000 	C:\WINDOWS\System32\SHELL32.dll
0x00007ffa74f20000 - 0x00007ffa74fc9000 	C:\WINDOWS\System32\shcore.dll
0x00007ffa744c0000 - 0x00007ffa74c40000 	C:\WINDOWS\System32\windows.storage.dll
0x00007ffa73bd0000 - 0x00007ffa73bf3000 	C:\WINDOWS\System32\profapi.dll
0x00007ffa73c20000 - 0x00007ffa73c6a000 	C:\WINDOWS\System32\powrprof.dll
0x00007ffa73ba0000 - 0x00007ffa73bb0000 	C:\WINDOWS\System32\UMPDC.dll
0x00007ffa75d60000 - 0x00007ffa75db2000 	C:\WINDOWS\System32\shlwapi.dll
0x00007ffa73bb0000 - 0x00007ffa73bc1000 	C:\WINDOWS\System32\kernel.appcore.dll
0x00007ffa74020000 - 0x00007ffa74037000 	C:\WINDOWS\System32\cryptsp.dll
0x00007ffa68690000 - 0x00007ffa686aa000 	G:\JetBrains\IntelliJ IDEA 2019.3.1\bin\breakgen64.dll
0x0000000056330000 - 0x000000005634a000 	C:\Program Files\Java\jdk1.8.0_73\jre\bin\net.dll
0x00007ffa733b0000 - 0x00007ffa73417000 	C:\WINDOWS\system32\mswsock.dll
0x00007ffa72f20000 - 0x00007ffa72f53000 	C:\WINDOWS\system32\rsaenh.dll
0x00007ffa741e0000 - 0x00007ffa74206000 	C:\WINDOWS\System32\bcrypt.dll
0x00007ffa73ac0000 - 0x00007ffa73ae5000 	C:\WINDOWS\SYSTEM32\USERENV.dll
0x00007ffa73580000 - 0x00007ffa7358c000 	C:\WINDOWS\SYSTEM32\CRYPTBASE.dll
0x00007ffa730c0000 - 0x00007ffa730fa000 	C:\WINDOWS\SYSTEM32\IPHLPAPI.DLL
0x00007ffa75d50000 - 0x00007ffa75d58000 	C:\WINDOWS\System32\NSI.dll
0x00007ffa6c840000 - 0x00007ffa6c856000 	C:\WINDOWS\SYSTEM32\dhcpcsvc6.DLL
0x00007ffa6c820000 - 0x00007ffa6c83c000 	C:\WINDOWS\SYSTEM32\dhcpcsvc.DLL
0x00007ffa73100000 - 0x00007ffa731cb000 	C:\WINDOWS\SYSTEM32\DNSAPI.dll
0x0000000056310000 - 0x0000000056321000 	C:\Program Files\Java\jdk1.8.0_73\jre\bin\nio.dll
0x00007ffa702b0000 - 0x00007ffa702ba000 	C:\Users\admin\AppData\Local\Temp\jansi-1.17.1-7628568495492992498.dll
0x00007ffa6f690000 - 0x00007ffa6f69a000 	C:\Users\admin\AppData\Local\Temp\jansi-1.17.1-4202358086038616691.dll
0x0000000056240000 - 0x0000000056264000 	C:\Program Files\Java\jdk1.8.0_73\jre\bin\sunec.dll
0x00007ffa61640000 - 0x00007ffa6164a000 	C:\Windows\System32\rasadhlp.dll
0x00007ffa6c740000 - 0x00007ffa6c7b7000 	C:\WINDOWS\System32\fwpuclnt.dll

VM Arguments:
jvm_args: -Dmaven.multiModuleProjectDirectory=G:\java\apl-wms-warehouse\apl-wms-warehouse-impl-master\apl-wms-warehouse-service-impl -Dmaven.home=D:\softWare\apache-maven-3.6.3 -Dclassworlds.conf=D:\softWare\apache-maven-3.6.3\bin\m2.conf -Dmaven.ext.class.path=G:\JetBrains\IntelliJ IDEA 2019.3.1\plugins\maven\lib\maven-event-listener.jar -javaagent:G:\JetBrains\IntelliJ IDEA 2019.3.1\lib\idea_rt.jar=65168:G:\JetBrains\IntelliJ IDEA 2019.3.1\bin -Dfile.encoding=UTF-8 
java_command: org.codehaus.classworlds.Launcher -Didea.version2019.3.1 -s D:\softWare\apache-maven-3.6.3\conf\settings.xml install
java_class_path (initial): D:\softWare\apache-maven-3.6.3\boot\plexus-classworlds-2.6.0.jar;D:\softWare\apache-maven-3.6.3\boot\plexus-classworlds.license;G:\JetBrains\IntelliJ IDEA 2019.3.1\lib\idea_rt.jar
Launcher Type: SUN_STANDARD

Environment Variables:
PATH=C:\ProgramData\Oracle\Java\javapath;C:\WINDOWS\system32;C:\WINDOWS;C:\WINDOWS\System32\Wbem;C:\WINDOWS\System32\WindowsPowerShell\v1.0\;G:\git2019\cmd;C:\WINDOWS\System32\OpenSSH\;C:\Program Files\Java\jdk1.8.0_73\bin;G:\javasetup\gradle-6.1\bin;D:\softWare\apache-maven-3.6.1\bin;C:\Ruby26-x64\bin;C:\Users\admin\AppData\Local\Microsoft\WindowsApps;
USERNAME=admin
OS=Windows_NT
PROCESSOR_IDENTIFIER=Intel64 Family 6 Model 158 Stepping 11, GenuineIntel



---------------  S Y S T E M  ---------------

OS: Windows 10.0 , 64 bit Build 18362 (10.0.18362.900)

CPU:total 4 (4 cores per cpu, 1 threads per core) family 6 model 158 stepping 11, cmov, cx8, fxsr, mmx, sse, sse2, sse3, ssse3, sse4.1, sse4.2, popcnt, avx, avx2, aes, clmul, erms, 3dnowpref, lzcnt, tsc, tscinvbit, bmi1, bmi2, adx

Memory: 4k page, physical 16599440k(6664428k free), swap 18696592k(3104k free)

vm_info: Java HotSpot(TM) 64-Bit Server VM (25.73-b02) for windows-amd64 JRE (1.8.0_73-b02), built on Jan 29 2016 17:38:49 by "java_re" with MS VC++ 10.0 (VS2010)

time: Fri Jul 03 18:24:43 2020
elapsed time: 16 seconds (0d 0h 0m 16s)

